<?xml version="1.0" encoding="UTF-8"?>
<!-- Generated by org.testng.reporters.JUnitXMLReporter -->
<testsuite ignored="3" hostname="Shiva" failures="0" tests="1" name="Default test" time="5.881" errors="0" timestamp="03 Sep 2024 04:47:21 GMT">
  <testcase classname="practice.testng.SampleReportTest" name="createContactTet" time="5.863"/>
  <testcase classname="practice.testng.SampleReportTest" name="createContactwithPhNo" time="0.0">
    <ignored/>
  </testcase> <!-- createContactwithPhNo -->
  <testcase classname="practice.testng.SampleReportTest" name="createContacttest" time="0.0">
    <ignored/>
  </testcase> <!-- createContacttest -->
  <testcase classname="practice.testng.SampleReportTest" name="createContactwithOrg" time="0.0">
    <ignored/>
  </testcase> <!-- createContactwithOrg -->
</testsuite> <!-- Default test -->
