<?xml version="1.0" encoding="UTF-8"?>
<!-- Generated by org.testng.reporters.JUnitXMLReporter -->
<testsuite ignored="2" hostname="Shiva" failures="0" tests="4" name="Test" time="0.071" errors="0" timestamp="21 Aug 2024 10:40:24 GMT">
  <testcase classname="com.crm.comcast.orgtestng.practice.CreateOrgTest" name="createOrgTest" time="0.005"/>
  <testcase classname="com.crm.comcast.orgtestng.practice.CreateOrgTest" name="createOrgWithIndustry" time="0.001"/>
  <testcase classname="com.crm.comcast.contacttestng.practice.CreateContactTest" name="createContact" time="0.006"/>
  <testcase classname="com.crm.comcast.contacttestng.practice.CreateContactTest" name="createContactwithSupportDate" time="0.005"/>
  <testcase classname="com.crm.generic.baseutility.practice.BaseClass" name="@AfterSuite configAS" time="0.0">
    <ignored/>
  </testcase> <!-- @AfterSuite configAS -->
  <testcase classname="com.crm.generic.baseutility.practice.BaseClass" name="@BeforeSuite configBS" time="0.0">
    <ignored/>
  </testcase> <!-- @BeforeSuite configBS -->
</testsuite> <!-- Test -->
