<?xml version="1.0" encoding="UTF-8"?>
<testng-results ignored="3" total="4" passed="1" failed="0" skipped="0">
  <reporter-output>
  </reporter-output>
  <suite started-at="2024-09-03T04:47:15Z" name="Default suite" finished-at="2024-09-03T04:47:20Z" duration-ms="5881">
    <groups>
    </groups>
    <test started-at="2024-09-03T04:47:15Z" name="Default test" finished-at="2024-09-03T04:47:20Z" duration-ms="5881">
      <class name="practice.testng.SampleReportTest">
        <test-method is-config="true" signature="configBS()[pri:0, instance:practice.testng.SampleReportTest@7c8c9a05]" started-at="2024-09-03T04:47:14Z" name="configBS" finished-at="2024-09-03T04:47:15Z" duration-ms="341" status="PASS">
          <reporter-output>
          </reporter-output>
        </test-method> <!-- configBS -->
        <test-method signature="createContactTet()[pri:0, instance:practice.testng.SampleReportTest@7c8c9a05]" started-at="2024-09-03T04:47:15Z" name="createContactTet" finished-at="2024-09-03T04:47:20Z" duration-ms="5863" status="PASS">
          <reporter-output>
          </reporter-output>
        </test-method> <!-- createContactTet -->
        <test-method is-config="true" signature="configAs()[pri:0, instance:practice.testng.SampleReportTest@7c8c9a05]" started-at="2024-09-03T04:47:21Z" name="configAs" finished-at="2024-09-03T04:47:21Z" duration-ms="350" status="PASS">
          <reporter-output>
          </reporter-output>
        </test-method> <!-- configAs -->
      </class> <!-- practice.testng.SampleReportTest -->
    </test> <!-- Default test -->
  </suite> <!-- Default suite -->
</testng-results>
